SF:src/np/__init__.py
end_of_record
SF:src/np/flight/__init__.py
DA:1,1
DA:2,1
LF:2
LH:2
end_of_record
SF:src/np/flight/numpy_client.py
DA:1,1
DA:3,1
DA:4,1
DA:5,1
DA:7,1
DA:10,1
DA:22,1
DA:29,1
DA:31,1
DA:32,1
DA:45,1
DA:47,1
DA:63,1
DA:66,1
DA:67,1
DA:70,1
DA:72,1
DA:73,1
DA:76,1
DA:78,1
DA:80,1
DA:83,1
DA:85,1
DA:101,1
DA:104,1
DA:107,1
DA:109,1
DA:129,1
DA:132,1
DA:134,1
DA:138,1
LF:31
LH:31
FN:22,29,Client.__init__
FNDA:1,Client.__init__
FN:32,45,Client.descriptor
FNDA:1,Client.descriptor
FN:47,83,Client.write
FNDA:1,Client.write
FN:85,107,Client.get
FNDA:1,Client.get
FN:109,132,Client.compute
FNDA:1,Client.compute
FN:134,138,Client.close
FNDA:1,Client.close
FNF:6
FNH:6
end_of_record
SF:src/np/flight/numpy_server.py
DA:1,1
DA:2,1
DA:4,1
DA:5,1
DA:7,1
DA:10,1
DA:15,1
DA:24,1
DA:25,1
DA:26,1
DA:27,1
DA:28,1
DA:30,1
DA:31,1
DA:33,1
DA:35,1
DA:36,1
DA:43,1
DA:45,1
DA:55,1
DA:57,1
DA:58,1
DA:60,1
DA:61,1
DA:64,1
DA:66,1
DA:68,1
DA:70,1
DA:79,1
DA:80,1
DA:83,1
DA:84,1
DA:86,1
DA:87,1
DA:90,1
DA:93,1
DA:94,1
DA:95,1
DA:98,1
LF:39
LH:39
FN:15,28,Server.__init__
FNDA:1,Server.__init__
FN:31,33,Server.logger
FNDA:1,Server.logger
FN:36,43,Server._extract_command_from_ticket
FNDA:1,Server._extract_command_from_ticket
FN:45,68,Server.do_put
FNDA:1,Server.do_put
FN:70,98,Server.do_get
FNDA:1,Server.do_get
FN:101,112,Server.start
FNDA:0,Server.start
FN:115,115,Server.f
FNDA:0,Server.f
FNF:7
FNH:5
end_of_record
SF:src/np/flight/utils/__init__.py
end_of_record
SF:src/np/flight/utils/alter.py
DA:1,1
DA:3,1
DA:4,1
DA:7,1
DA:41,1
DA:45,1
DA:48,1
DA:50,1
DA:52,1
DA:55,1
DA:68,1
DA:69,1
DA:71,1
DA:72,1
DA:73,1
DA:75,1
LF:16
LH:16
FN:7,52,np_2_pa
FNDA:1,np_2_pa
FN:41,50,np_2_pa._f
FNDA:1,np_2_pa._f
FN:55,75,pa_2_np
FNDA:1,pa_2_np
FN:68,73,pa_2_np._f
FNDA:1,pa_2_np._f
FNF:4
FNH:4
end_of_record
